<?xml version="1.0" encoding="UTF-8"?>
<testsuite name="demo.SmsPollUpdatedApplicationTests" tests="1" skipped="0" failures="0" errors="0" timestamp="2015-03-28T04:31:14" hostname="WINDOWS-TSEA607" time="0.005">
  <properties/>
  <testcase name="contextLoads" classname="demo.SmsPollUpdatedApplicationTests" time="0.005"/>
  <system-out><![CDATA[21:31:09.935 [Test worker] DEBUG o.s.t.c.j.SpringJUnit4ClassRunner - SpringJUnit4ClassRunner constructor called with [class demo.SmsPollUpdatedApplicationTests].
21:31:09.960 [Test worker] DEBUG o.s.test.context.BootstrapUtils - Instantiating TestContextBootstrapper from class [org.springframework.test.context.support.DefaultTestContextBootstrapper]
21:31:09.980 [Test worker] DEBUG o.s.t.c.s.DefaultTestContextBootstrapper - Found explicit ContextLoader class [org.springframework.boot.test.SpringApplicationContextLoader] for context configuration attributes [ContextConfigurationAttributes@3b8716cc declaringClass = 'demo.SmsPollUpdatedApplicationTests', classes = '{class demo.SmsPollUpdatedApplication}', locations = '{}', inheritLocations = true, initializers = '{}', inheritInitializers = true, name = [null], contextLoaderClass = 'org.springframework.boot.test.SpringApplicationContextLoader']
21:31:09.989 [Test worker] DEBUG o.s.t.c.support.ActiveProfilesUtils - Could not find an 'annotation declaring class' for annotation type [org.springframework.test.context.ActiveProfiles] and class [demo.SmsPollUpdatedApplicationTests]
21:31:09.994 [Test worker] DEBUG o.s.t.c.s.DefaultTestContextBootstrapper - @TestExecutionListeners is not present for class [demo.SmsPollUpdatedApplicationTests]: using defaults.
21:31:10.008 [Test worker] INFO  o.s.t.c.s.DefaultTestContextBootstrapper - Loaded default TestExecutionListener class names from location [META-INF/spring.factories]: [org.springframework.test.context.web.ServletTestExecutionListener, org.springframework.test.context.support.DependencyInjectionTestExecutionListener, org.springframework.test.context.support.DirtiesContextTestExecutionListener, org.springframework.test.context.transaction.TransactionalTestExecutionListener, org.springframework.test.context.jdbc.SqlScriptsTestExecutionListener]
21:31:10.037 [Test worker] INFO  o.s.t.c.s.DefaultTestContextBootstrapper - Using TestExecutionListeners: [org.springframework.test.context.web.ServletTestExecutionListener@52f2469a, org.springframework.test.context.support.DependencyInjectionTestExecutionListener@1ff95301, org.springframework.test.context.support.DirtiesContextTestExecutionListener@29b8770d, org.springframework.test.context.transaction.TransactionalTestExecutionListener@d900be1, org.springframework.test.context.jdbc.SqlScriptsTestExecutionListener@6bfbe7bb]
21:31:10.040 [Test worker] DEBUG o.s.t.annotation.ProfileValueUtils - Retrieved @ProfileValueSourceConfiguration [null] for test class [demo.SmsPollUpdatedApplicationTests]
21:31:10.041 [Test worker] DEBUG o.s.t.annotation.ProfileValueUtils - Retrieved ProfileValueSource type [class org.springframework.test.annotation.SystemProfileValueSource] for class [demo.SmsPollUpdatedApplicationTests]
21:31:10.044 [Test worker] DEBUG o.s.t.annotation.ProfileValueUtils - Retrieved @ProfileValueSourceConfiguration [null] for test class [demo.SmsPollUpdatedApplicationTests]
21:31:10.044 [Test worker] DEBUG o.s.t.annotation.ProfileValueUtils - Retrieved ProfileValueSource type [class org.springframework.test.annotation.SystemProfileValueSource] for class [demo.SmsPollUpdatedApplicationTests]
21:31:10.046 [Test worker] DEBUG o.s.t.annotation.ProfileValueUtils - Retrieved @ProfileValueSourceConfiguration [null] for test class [demo.SmsPollUpdatedApplicationTests]
21:31:10.046 [Test worker] DEBUG o.s.t.annotation.ProfileValueUtils - Retrieved ProfileValueSource type [class org.springframework.test.annotation.SystemProfileValueSource] for class [demo.SmsPollUpdatedApplicationTests]
21:31:10.048 [Test worker] DEBUG o.s.t.annotation.ProfileValueUtils - Retrieved @ProfileValueSourceConfiguration [null] for test class [demo.SmsPollUpdatedApplicationTests]
21:31:10.048 [Test worker] DEBUG o.s.t.annotation.ProfileValueUtils - Retrieved ProfileValueSource type [class org.springframework.test.annotation.SystemProfileValueSource] for class [demo.SmsPollUpdatedApplicationTests]
21:31:10.051 [Test worker] DEBUG o.s.t.c.s.DependencyInjectionTestExecutionListener - Performing dependency injection for test context [[DefaultTestContext@616a37dc testClass = SmsPollUpdatedApplicationTests, testInstance = demo.SmsPollUpdatedApplicationTests@4797e7b, testMethod = [null], testException = [null], mergedContextConfiguration = [MergedContextConfiguration@445ebf88 testClass = SmsPollUpdatedApplicationTests, locations = '{}', classes = '{class demo.SmsPollUpdatedApplication}', contextInitializerClasses = '[]', activeProfiles = '{}', propertySourceLocations = '{}', propertySourceProperties = '{}', contextLoader = 'org.springframework.boot.test.SpringApplicationContextLoader', parent = [null]]]].
21:31:10.133 [Test worker] DEBUG o.s.core.env.StandardEnvironment - Adding [systemProperties] PropertySource with lowest search precedence
21:31:10.135 [Test worker] DEBUG o.s.core.env.StandardEnvironment - Adding [systemEnvironment] PropertySource with lowest search precedence
21:31:10.135 [Test worker] DEBUG o.s.core.env.StandardEnvironment - Initialized StandardEnvironment with PropertySources [systemProperties,systemEnvironment]
21:31:10.136 [Test worker] DEBUG o.s.core.env.StandardEnvironment - Adding [integrationTest] PropertySource with search precedence immediately lower than [systemEnvironment]

  .   ____          _            __ _ _
 /\\ / ___'_ __ _ _(_)_ __  __ _ \ \ \ \
( ( )\___ | '_ | '_| | '_ \/ _` | \ \ \ \
 \\/  ___)| |_)| | | | | || (_| |  ) ) ) )
  '  |____| .__|_| |_|_| |_\__, | / / / /
 =========|_|==============|___/=/_/_/_/
 :: Spring Boot ::        (v1.2.2.RELEASE)

2015-03-27 21:31:10.412  INFO 21992 --- [    Test worker] o.s.boot.SpringApplication               : Starting application on WINDOWS-TSEA607 with PID 21992 (C:\Users\Pankaj\.gradle\caches\modules-2\files-2.1\org.springframework.boot\spring-boot\1.2.2.RELEASE\c2495d6c08c742743366f50e25ad76f5dfcd9f75\spring-boot-1.2.2.RELEASE.jar started by Pankaj in D:\273_Sithu_Aung_Lectures\Assignment2\SMSPoll_Updated_Db)
2015-03-27 21:31:10.451  INFO 21992 --- [    Test worker] s.c.a.AnnotationConfigApplicationContext : Refreshing org.springframework.context.annotation.AnnotationConfigApplicationContext@1a7c8e4c: startup date [Fri Mar 27 21:31:10 PDT 2015]; root of context hierarchy
2015-03-27 21:31:13.408  INFO 21992 --- [    Test worker] b.a.s.AuthenticationManagerConfiguration : 

Using default security password: 787c7edc-0f7a-4294-8e69-3e5f7a80ec01

2015-03-27 21:31:13.572  INFO 21992 --- [    Test worker] o.s.s.web.DefaultSecurityFilterChain     : Creating filter chain: org.springframework.security.web.util.matcher.AnyRequestMatcher@1, [org.springframework.security.web.context.request.async.WebAsyncManagerIntegrationFilter@f99d8c0, org.springframework.security.web.context.SecurityContextPersistenceFilter@5fa7eb33, org.springframework.security.web.header.HeaderWriterFilter@6aa27802, org.springframework.security.web.authentication.logout.LogoutFilter@3210bd07, org.springframework.security.web.authentication.www.BasicAuthenticationFilter@16bd1f19, org.springframework.security.web.savedrequest.RequestCacheAwareFilter@71950f32, org.springframework.security.web.servletapi.SecurityContextHolderAwareRequestFilter@15815d7b, org.springframework.security.web.authentication.AnonymousAuthenticationFilter@3d652d40, org.springframework.security.web.session.SessionManagementFilter@1f8c3fc9, org.springframework.security.web.access.ExceptionTranslationFilter@6516b1d9, org.springframework.security.web.access.intercept.FilterSecurityInterceptor@8e760f2]
2015-03-27 21:31:14.098  INFO 21992 --- [    Test worker] o.s.boot.SpringApplication               : Started application in 3.959 seconds (JVM running for 5.231)
]]></system-out>
  <system-err><![CDATA[]]></system-err>
</testsuite>
