<?xml version="1.0" encoding="UTF-8"?>
<testsuite name="demo.SmsPollUpdatedApplicationTests" tests="1" skipped="0" failures="0" errors="0" timestamp="2015-03-28T01:05:49" hostname="WINDOWS-TSEA607" time="0.006">
  <properties/>
  <testcase name="contextLoads" classname="demo.SmsPollUpdatedApplicationTests" time="0.006"/>
  <system-out><![CDATA[18:05:45.112 [Test worker] DEBUG o.s.t.c.j.SpringJUnit4ClassRunner - SpringJUnit4ClassRunner constructor called with [class demo.SmsPollUpdatedApplicationTests].
18:05:45.134 [Test worker] DEBUG o.s.test.context.BootstrapUtils - Instantiating TestContextBootstrapper from class [org.springframework.test.context.support.DefaultTestContextBootstrapper]
18:05:45.151 [Test worker] DEBUG o.s.t.c.s.DefaultTestContextBootstrapper - Found explicit ContextLoader class [org.springframework.boot.test.SpringApplicationContextLoader] for context configuration attributes [ContextConfigurationAttributes@65eb6cf5 declaringClass = 'demo.SmsPollUpdatedApplicationTests', classes = '{class demo.SmsPollUpdatedApplication}', locations = '{}', inheritLocations = true, initializers = '{}', inheritInitializers = true, name = [null], contextLoaderClass = 'org.springframework.boot.test.SpringApplicationContextLoader']
18:05:45.160 [Test worker] DEBUG o.s.t.c.support.ActiveProfilesUtils - Could not find an 'annotation declaring class' for annotation type [org.springframework.test.context.ActiveProfiles] and class [demo.SmsPollUpdatedApplicationTests]
18:05:45.164 [Test worker] DEBUG o.s.t.c.s.DefaultTestContextBootstrapper - @TestExecutionListeners is not present for class [demo.SmsPollUpdatedApplicationTests]: using defaults.
18:05:45.178 [Test worker] INFO  o.s.t.c.s.DefaultTestContextBootstrapper - Loaded default TestExecutionListener class names from location [META-INF/spring.factories]: [org.springframework.test.context.web.ServletTestExecutionListener, org.springframework.test.context.support.DependencyInjectionTestExecutionListener, org.springframework.test.context.support.DirtiesContextTestExecutionListener, org.springframework.test.context.transaction.TransactionalTestExecutionListener, org.springframework.test.context.jdbc.SqlScriptsTestExecutionListener]
18:05:45.208 [Test worker] INFO  o.s.t.c.s.DefaultTestContextBootstrapper - Using TestExecutionListeners: [org.springframework.test.context.web.ServletTestExecutionListener@424dfee, org.springframework.test.context.support.DependencyInjectionTestExecutionListener@10e98462, org.springframework.test.context.support.DirtiesContextTestExecutionListener@52f2469a, org.springframework.test.context.transaction.TransactionalTestExecutionListener@1ff95301, org.springframework.test.context.jdbc.SqlScriptsTestExecutionListener@29b8770d]
18:05:45.211 [Test worker] DEBUG o.s.t.annotation.ProfileValueUtils - Retrieved @ProfileValueSourceConfiguration [null] for test class [demo.SmsPollUpdatedApplicationTests]
18:05:45.212 [Test worker] DEBUG o.s.t.annotation.ProfileValueUtils - Retrieved ProfileValueSource type [class org.springframework.test.annotation.SystemProfileValueSource] for class [demo.SmsPollUpdatedApplicationTests]
18:05:45.216 [Test worker] DEBUG o.s.t.annotation.ProfileValueUtils - Retrieved @ProfileValueSourceConfiguration [null] for test class [demo.SmsPollUpdatedApplicationTests]
18:05:45.217 [Test worker] DEBUG o.s.t.annotation.ProfileValueUtils - Retrieved ProfileValueSource type [class org.springframework.test.annotation.SystemProfileValueSource] for class [demo.SmsPollUpdatedApplicationTests]
18:05:45.218 [Test worker] DEBUG o.s.t.annotation.ProfileValueUtils - Retrieved @ProfileValueSourceConfiguration [null] for test class [demo.SmsPollUpdatedApplicationTests]
18:05:45.219 [Test worker] DEBUG o.s.t.annotation.ProfileValueUtils - Retrieved ProfileValueSource type [class org.springframework.test.annotation.SystemProfileValueSource] for class [demo.SmsPollUpdatedApplicationTests]
18:05:45.221 [Test worker] DEBUG o.s.t.annotation.ProfileValueUtils - Retrieved @ProfileValueSourceConfiguration [null] for test class [demo.SmsPollUpdatedApplicationTests]
18:05:45.221 [Test worker] DEBUG o.s.t.annotation.ProfileValueUtils - Retrieved ProfileValueSource type [class org.springframework.test.annotation.SystemProfileValueSource] for class [demo.SmsPollUpdatedApplicationTests]
18:05:45.223 [Test worker] DEBUG o.s.t.c.s.DependencyInjectionTestExecutionListener - Performing dependency injection for test context [[DefaultTestContext@496d6956 testClass = SmsPollUpdatedApplicationTests, testInstance = demo.SmsPollUpdatedApplicationTests@2e1eb2c3, testMethod = [null], testException = [null], mergedContextConfiguration = [MergedContextConfiguration@616a37dc testClass = SmsPollUpdatedApplicationTests, locations = '{}', classes = '{class demo.SmsPollUpdatedApplication}', contextInitializerClasses = '[]', activeProfiles = '{}', propertySourceLocations = '{}', propertySourceProperties = '{}', contextLoader = 'org.springframework.boot.test.SpringApplicationContextLoader', parent = [null]]]].
18:05:45.303 [Test worker] DEBUG o.s.core.env.StandardEnvironment - Adding [systemProperties] PropertySource with lowest search precedence
18:05:45.306 [Test worker] DEBUG o.s.core.env.StandardEnvironment - Adding [systemEnvironment] PropertySource with lowest search precedence
18:05:45.306 [Test worker] DEBUG o.s.core.env.StandardEnvironment - Initialized StandardEnvironment with PropertySources [systemProperties,systemEnvironment]
18:05:45.307 [Test worker] DEBUG o.s.core.env.StandardEnvironment - Adding [integrationTest] PropertySource with search precedence immediately lower than [systemEnvironment]

  .   ____          _            __ _ _
 /\\ / ___'_ __ _ _(_)_ __  __ _ \ \ \ \
( ( )\___ | '_ | '_| | '_ \/ _` | \ \ \ \
 \\/  ___)| |_)| | | | | || (_| |  ) ) ) )
  '  |____| .__|_| |_|_| |_\__, | / / / /
 =========|_|==============|___/=/_/_/_/
 :: Spring Boot ::        (v1.2.2.RELEASE)

2015-03-27 18:05:45.550  INFO 16360 --- [    Test worker] o.s.boot.SpringApplication               : Starting application on WINDOWS-TSEA607 with PID 16360 (C:\Users\Pankaj\.gradle\caches\modules-2\files-2.1\org.springframework.boot\spring-boot\1.2.2.RELEASE\c2495d6c08c742743366f50e25ad76f5dfcd9f75\spring-boot-1.2.2.RELEASE.jar started by Pankaj in D:\273_Sithu_Aung_Lectures\Assignment2\SMSPoll_Updated_Db)
2015-03-27 18:05:45.588  INFO 16360 --- [    Test worker] s.c.a.AnnotationConfigApplicationContext : Refreshing org.springframework.context.annotation.AnnotationConfigApplicationContext@4c3e2e5f: startup date [Fri Mar 27 18:05:45 PDT 2015]; root of context hierarchy
2015-03-27 18:05:48.686  INFO 16360 --- [    Test worker] b.a.s.AuthenticationManagerConfiguration : 

Using default security password: 32df839d-c0c1-4beb-a1de-8b4e515bedb6

2015-03-27 18:05:48.795  INFO 16360 --- [    Test worker] o.s.s.web.DefaultSecurityFilterChain     : Creating filter chain: org.springframework.security.web.util.matcher.AnyRequestMatcher@1, [org.springframework.security.web.context.request.async.WebAsyncManagerIntegrationFilter@3b010a3b, org.springframework.security.web.context.SecurityContextPersistenceFilter@21788153, org.springframework.security.web.header.HeaderWriterFilter@d8009ee, org.springframework.security.web.authentication.logout.LogoutFilter@220336f0, org.springframework.security.web.authentication.www.BasicAuthenticationFilter@5ad83862, org.springframework.security.web.savedrequest.RequestCacheAwareFilter@1f87a22f, org.springframework.security.web.servletapi.SecurityContextHolderAwareRequestFilter@70de0dcc, org.springframework.security.web.authentication.AnonymousAuthenticationFilter@4146c5c0, org.springframework.security.web.session.SessionManagementFilter@4f45273, org.springframework.security.web.access.ExceptionTranslationFilter@4e97031, org.springframework.security.web.access.intercept.FilterSecurityInterceptor@33e2e7a1]
2015-03-27 18:05:49.249  INFO 16360 --- [    Test worker] o.s.boot.SpringApplication               : Started application in 3.939 seconds (JVM running for 5.125)
]]></system-out>
  <system-err><![CDATA[]]></system-err>
</testsuite>
