<?xml version="1.0" encoding="UTF-8"?>
<testsuite name="demo.SmsPollUpdatedApplicationTests" tests="1" skipped="0" failures="0" errors="0" timestamp="2015-04-16T02:53:47" hostname="WINDOWS-TSEA607" time="0.006">
  <properties/>
  <testcase name="contextLoads" classname="demo.SmsPollUpdatedApplicationTests" time="0.006"/>
  <system-out><![CDATA[19:53:42.741 [Test worker] DEBUG o.s.t.c.j.SpringJUnit4ClassRunner - SpringJUnit4ClassRunner constructor called with [class demo.SmsPollUpdatedApplicationTests].
19:53:42.775 [Test worker] DEBUG o.s.test.context.BootstrapUtils - Instantiating TestContextBootstrapper from class [org.springframework.test.context.support.DefaultTestContextBootstrapper]
19:53:42.793 [Test worker] DEBUG o.s.t.c.s.DefaultTestContextBootstrapper - Found explicit ContextLoader class [org.springframework.boot.test.SpringApplicationContextLoader] for context configuration attributes [ContextConfigurationAttributes@124724ea declaringClass = 'demo.SmsPollUpdatedApplicationTests', classes = '{class demo.SmsPollUpdatedApplication}', locations = '{}', inheritLocations = true, initializers = '{}', inheritInitializers = true, name = [null], contextLoaderClass = 'org.springframework.boot.test.SpringApplicationContextLoader']
19:53:42.802 [Test worker] DEBUG o.s.t.c.support.ActiveProfilesUtils - Could not find an 'annotation declaring class' for annotation type [org.springframework.test.context.ActiveProfiles] and class [demo.SmsPollUpdatedApplicationTests]
19:53:42.809 [Test worker] DEBUG o.s.t.c.s.DefaultTestContextBootstrapper - @TestExecutionListeners is not present for class [demo.SmsPollUpdatedApplicationTests]: using defaults.
19:53:42.820 [Test worker] INFO  o.s.t.c.s.DefaultTestContextBootstrapper - Loaded default TestExecutionListener class names from location [META-INF/spring.factories]: [org.springframework.test.context.web.ServletTestExecutionListener, org.springframework.test.context.support.DependencyInjectionTestExecutionListener, org.springframework.test.context.support.DirtiesContextTestExecutionListener, org.springframework.test.context.transaction.TransactionalTestExecutionListener, org.springframework.test.context.jdbc.SqlScriptsTestExecutionListener]
19:53:42.849 [Test worker] INFO  o.s.t.c.s.DefaultTestContextBootstrapper - Using TestExecutionListeners: [org.springframework.test.context.web.ServletTestExecutionListener@7fae3687, org.springframework.test.context.support.DependencyInjectionTestExecutionListener@67e1a8e, org.springframework.test.context.support.DirtiesContextTestExecutionListener@410163f6, org.springframework.test.context.transaction.TransactionalTestExecutionListener@4249ccd1, org.springframework.test.context.jdbc.SqlScriptsTestExecutionListener@7b25cf56]
19:53:42.852 [Test worker] DEBUG o.s.t.annotation.ProfileValueUtils - Retrieved @ProfileValueSourceConfiguration [null] for test class [demo.SmsPollUpdatedApplicationTests]
19:53:42.852 [Test worker] DEBUG o.s.t.annotation.ProfileValueUtils - Retrieved ProfileValueSource type [class org.springframework.test.annotation.SystemProfileValueSource] for class [demo.SmsPollUpdatedApplicationTests]
19:53:42.855 [Test worker] DEBUG o.s.t.annotation.ProfileValueUtils - Retrieved @ProfileValueSourceConfiguration [null] for test class [demo.SmsPollUpdatedApplicationTests]
19:53:42.855 [Test worker] DEBUG o.s.t.annotation.ProfileValueUtils - Retrieved ProfileValueSource type [class org.springframework.test.annotation.SystemProfileValueSource] for class [demo.SmsPollUpdatedApplicationTests]
19:53:42.856 [Test worker] DEBUG o.s.t.annotation.ProfileValueUtils - Retrieved @ProfileValueSourceConfiguration [null] for test class [demo.SmsPollUpdatedApplicationTests]
19:53:42.856 [Test worker] DEBUG o.s.t.annotation.ProfileValueUtils - Retrieved ProfileValueSource type [class org.springframework.test.annotation.SystemProfileValueSource] for class [demo.SmsPollUpdatedApplicationTests]
19:53:42.858 [Test worker] DEBUG o.s.t.annotation.ProfileValueUtils - Retrieved @ProfileValueSourceConfiguration [null] for test class [demo.SmsPollUpdatedApplicationTests]
19:53:42.858 [Test worker] DEBUG o.s.t.annotation.ProfileValueUtils - Retrieved ProfileValueSource type [class org.springframework.test.annotation.SystemProfileValueSource] for class [demo.SmsPollUpdatedApplicationTests]
19:53:42.860 [Test worker] DEBUG o.s.t.c.s.DependencyInjectionTestExecutionListener - Performing dependency injection for test context [[DefaultTestContext@12b7e845 testClass = SmsPollUpdatedApplicationTests, testInstance = demo.SmsPollUpdatedApplicationTests@67f2139c, testMethod = [null], testException = [null], mergedContextConfiguration = [MergedContextConfiguration@45e59c14 testClass = SmsPollUpdatedApplicationTests, locations = '{}', classes = '{class demo.SmsPollUpdatedApplication}', contextInitializerClasses = '[]', activeProfiles = '{}', propertySourceLocations = '{}', propertySourceProperties = '{}', contextLoader = 'org.springframework.boot.test.SpringApplicationContextLoader', parent = [null]]]].
19:53:42.937 [Test worker] DEBUG o.s.core.env.StandardEnvironment - Adding [systemProperties] PropertySource with lowest search precedence
19:53:42.940 [Test worker] DEBUG o.s.core.env.StandardEnvironment - Adding [systemEnvironment] PropertySource with lowest search precedence
19:53:42.940 [Test worker] DEBUG o.s.core.env.StandardEnvironment - Initialized StandardEnvironment with PropertySources [systemProperties,systemEnvironment]
19:53:42.942 [Test worker] DEBUG o.s.core.env.StandardEnvironment - Adding [integrationTest] PropertySource with search precedence immediately lower than [systemEnvironment]

  .   ____          _            __ _ _
 /\\ / ___'_ __ _ _(_)_ __  __ _ \ \ \ \
( ( )\___ | '_ | '_| | '_ \/ _` | \ \ \ \
 \\/  ___)| |_)| | | | | || (_| |  ) ) ) )
  '  |____| .__|_| |_|_| |_\__, | / / / /
 =========|_|==============|___/=/_/_/_/
 :: Spring Boot ::        (v1.2.3.RELEASE)

2015-04-15 19:53:43.242  INFO 3692 --- [    Test worker] o.s.boot.SpringApplication               : Starting application on WINDOWS-TSEA607 with PID 3692 (C:\Users\Pankaj\.gradle\caches\modules-2\files-2.1\org.springframework.boot\spring-boot\1.2.3.RELEASE\2601c81786dd8d88fd7e53af1a3950ef45fd5507\spring-boot-1.2.3.RELEASE.jar started by Pankaj in D:\273_Sithu_Aung_Lectures\Assignment2\SMSPoll_Updated_Db)
2015-04-15 19:53:43.286  INFO 3692 --- [    Test worker] s.c.a.AnnotationConfigApplicationContext : Refreshing org.springframework.context.annotation.AnnotationConfigApplicationContext@190de279: startup date [Wed Apr 15 19:53:43 PDT 2015]; root of context hierarchy
2015-04-15 19:53:45.370  INFO 3692 --- [    Test worker] trationDelegate$BeanPostProcessorChecker : Bean 'org.springframework.scheduling.annotation.SchedulingConfiguration' of type [class org.springframework.scheduling.annotation.SchedulingConfiguration$$EnhancerBySpringCGLIB$$f22a0c1b] is not eligible for getting processed by all BeanPostProcessors (for example: not eligible for auto-proxying)
2015-04-15 19:53:46.935  INFO 3692 --- [    Test worker] o.s.s.web.DefaultSecurityFilterChain     : Creating filter chain: org.springframework.security.web.util.matcher.AnyRequestMatcher@1, [org.springframework.security.web.context.request.async.WebAsyncManagerIntegrationFilter@22038831, org.springframework.security.web.context.SecurityContextPersistenceFilter@15d5c063, org.springframework.security.web.header.HeaderWriterFilter@5dba06f1, org.springframework.security.web.authentication.logout.LogoutFilter@676e582a, org.springframework.security.web.authentication.www.BasicAuthenticationFilter@66316de6, org.springframework.security.web.savedrequest.RequestCacheAwareFilter@171ceab, org.springframework.security.web.servletapi.SecurityContextHolderAwareRequestFilter@1818f1c0, org.springframework.security.web.authentication.AnonymousAuthenticationFilter@15e25a69, org.springframework.security.web.session.SessionManagementFilter@36978068, org.springframework.security.web.access.ExceptionTranslationFilter@1a355b88, org.springframework.security.web.access.intercept.FilterSecurityInterceptor@5a091899]
The time is now 2015-04-15T19:53:47.5347Z
2015-04-15 19:53:47.554  INFO 3692 --- [    Test worker] o.s.boot.SpringApplication               : Started application in 4.608 seconds (JVM running for 5.874)
]]></system-out>
  <system-err><![CDATA[]]></system-err>
</testsuite>
