<?xml version="1.0" encoding="UTF-8"?>
<testsuite name="demo.SmsPollUpdatedApplicationTests" tests="1" skipped="0" failures="0" errors="0" timestamp="2015-04-13T08:13:10" hostname="WINDOWS-TSEA607" time="0.005">
  <properties/>
  <testcase name="contextLoads" classname="demo.SmsPollUpdatedApplicationTests" time="0.005"/>
  <system-out><![CDATA[01:13:06.335 [Test worker] DEBUG o.s.t.c.j.SpringJUnit4ClassRunner - SpringJUnit4ClassRunner constructor called with [class demo.SmsPollUpdatedApplicationTests].
01:13:06.360 [Test worker] DEBUG o.s.test.context.BootstrapUtils - Instantiating TestContextBootstrapper from class [org.springframework.test.context.support.DefaultTestContextBootstrapper]
01:13:06.378 [Test worker] DEBUG o.s.t.c.s.DefaultTestContextBootstrapper - Found explicit ContextLoader class [org.springframework.boot.test.SpringApplicationContextLoader] for context configuration attributes [ContextConfigurationAttributes@b93c476 declaringClass = 'demo.SmsPollUpdatedApplicationTests', classes = '{class demo.SmsPollUpdatedApplication}', locations = '{}', inheritLocations = true, initializers = '{}', inheritInitializers = true, name = [null], contextLoaderClass = 'org.springframework.boot.test.SpringApplicationContextLoader']
01:13:06.387 [Test worker] DEBUG o.s.t.c.support.ActiveProfilesUtils - Could not find an 'annotation declaring class' for annotation type [org.springframework.test.context.ActiveProfiles] and class [demo.SmsPollUpdatedApplicationTests]
01:13:06.393 [Test worker] DEBUG o.s.t.c.s.DefaultTestContextBootstrapper - @TestExecutionListeners is not present for class [demo.SmsPollUpdatedApplicationTests]: using defaults.
01:13:06.406 [Test worker] INFO  o.s.t.c.s.DefaultTestContextBootstrapper - Loaded default TestExecutionListener class names from location [META-INF/spring.factories]: [org.springframework.test.context.web.ServletTestExecutionListener, org.springframework.test.context.support.DependencyInjectionTestExecutionListener, org.springframework.test.context.support.DirtiesContextTestExecutionListener, org.springframework.test.context.transaction.TransactionalTestExecutionListener, org.springframework.test.context.jdbc.SqlScriptsTestExecutionListener]
01:13:06.436 [Test worker] INFO  o.s.t.c.s.DefaultTestContextBootstrapper - Using TestExecutionListeners: [org.springframework.test.context.web.ServletTestExecutionListener@49ca49b9, org.springframework.test.context.support.DependencyInjectionTestExecutionListener@7fae3687, org.springframework.test.context.support.DirtiesContextTestExecutionListener@67e1a8e, org.springframework.test.context.transaction.TransactionalTestExecutionListener@410163f6, org.springframework.test.context.jdbc.SqlScriptsTestExecutionListener@4249ccd1]
01:13:06.438 [Test worker] DEBUG o.s.t.annotation.ProfileValueUtils - Retrieved @ProfileValueSourceConfiguration [null] for test class [demo.SmsPollUpdatedApplicationTests]
01:13:06.439 [Test worker] DEBUG o.s.t.annotation.ProfileValueUtils - Retrieved ProfileValueSource type [class org.springframework.test.annotation.SystemProfileValueSource] for class [demo.SmsPollUpdatedApplicationTests]
01:13:06.441 [Test worker] DEBUG o.s.t.annotation.ProfileValueUtils - Retrieved @ProfileValueSourceConfiguration [null] for test class [demo.SmsPollUpdatedApplicationTests]
01:13:06.441 [Test worker] DEBUG o.s.t.annotation.ProfileValueUtils - Retrieved ProfileValueSource type [class org.springframework.test.annotation.SystemProfileValueSource] for class [demo.SmsPollUpdatedApplicationTests]
01:13:06.442 [Test worker] DEBUG o.s.t.annotation.ProfileValueUtils - Retrieved @ProfileValueSourceConfiguration [null] for test class [demo.SmsPollUpdatedApplicationTests]
01:13:06.442 [Test worker] DEBUG o.s.t.annotation.ProfileValueUtils - Retrieved ProfileValueSource type [class org.springframework.test.annotation.SystemProfileValueSource] for class [demo.SmsPollUpdatedApplicationTests]
01:13:06.444 [Test worker] DEBUG o.s.t.annotation.ProfileValueUtils - Retrieved @ProfileValueSourceConfiguration [null] for test class [demo.SmsPollUpdatedApplicationTests]
01:13:06.444 [Test worker] DEBUG o.s.t.annotation.ProfileValueUtils - Retrieved ProfileValueSource type [class org.springframework.test.annotation.SystemProfileValueSource] for class [demo.SmsPollUpdatedApplicationTests]
01:13:06.446 [Test worker] DEBUG o.s.t.c.s.DependencyInjectionTestExecutionListener - Performing dependency injection for test context [[DefaultTestContext@2ab026a0 testClass = SmsPollUpdatedApplicationTests, testInstance = demo.SmsPollUpdatedApplicationTests@12b7e845, testMethod = [null], testException = [null], mergedContextConfiguration = [MergedContextConfiguration@67f2139c testClass = SmsPollUpdatedApplicationTests, locations = '{}', classes = '{class demo.SmsPollUpdatedApplication}', contextInitializerClasses = '[]', activeProfiles = '{}', propertySourceLocations = '{}', propertySourceProperties = '{}', contextLoader = 'org.springframework.boot.test.SpringApplicationContextLoader', parent = [null]]]].
01:13:06.521 [Test worker] DEBUG o.s.core.env.StandardEnvironment - Adding [systemProperties] PropertySource with lowest search precedence
01:13:06.523 [Test worker] DEBUG o.s.core.env.StandardEnvironment - Adding [systemEnvironment] PropertySource with lowest search precedence
01:13:06.524 [Test worker] DEBUG o.s.core.env.StandardEnvironment - Initialized StandardEnvironment with PropertySources [systemProperties,systemEnvironment]
01:13:06.525 [Test worker] DEBUG o.s.core.env.StandardEnvironment - Adding [integrationTest] PropertySource with search precedence immediately lower than [systemEnvironment]

  .   ____          _            __ _ _
 /\\ / ___'_ __ _ _(_)_ __  __ _ \ \ \ \
( ( )\___ | '_ | '_| | '_ \/ _` | \ \ \ \
 \\/  ___)| |_)| | | | | || (_| |  ) ) ) )
  '  |____| .__|_| |_|_| |_\__, | / / / /
 =========|_|==============|___/=/_/_/_/
 :: Spring Boot ::        (v1.2.3.RELEASE)

2015-04-13 01:13:06.811  INFO 180 --- [    Test worker] o.s.boot.SpringApplication               : Starting application on WINDOWS-TSEA607 with PID 180 (C:\Users\Pankaj\.gradle\caches\modules-2\files-2.1\org.springframework.boot\spring-boot\1.2.3.RELEASE\2601c81786dd8d88fd7e53af1a3950ef45fd5507\spring-boot-1.2.3.RELEASE.jar started by Pankaj in D:\273_Sithu_Aung_Lectures\Assignment2\SMSPoll_Updated_Db)
2015-04-13 01:13:06.851  INFO 180 --- [    Test worker] s.c.a.AnnotationConfigApplicationContext : Refreshing org.springframework.context.annotation.AnnotationConfigApplicationContext@190de279: startup date [Mon Apr 13 01:13:06 PDT 2015]; root of context hierarchy
2015-04-13 01:13:08.680  INFO 180 --- [    Test worker] trationDelegate$BeanPostProcessorChecker : Bean 'org.springframework.scheduling.annotation.SchedulingConfiguration' of type [class org.springframework.scheduling.annotation.SchedulingConfiguration$$EnhancerBySpringCGLIB$$26695b44] is not eligible for getting processed by all BeanPostProcessors (for example: not eligible for auto-proxying)
2015-04-13 01:13:09.973  INFO 180 --- [    Test worker] o.s.s.web.DefaultSecurityFilterChain     : Creating filter chain: org.springframework.security.web.util.matcher.AnyRequestMatcher@1, [org.springframework.security.web.context.request.async.WebAsyncManagerIntegrationFilter@7d253768, org.springframework.security.web.context.SecurityContextPersistenceFilter@69217a79, org.springframework.security.web.header.HeaderWriterFilter@5548e482, org.springframework.security.web.authentication.logout.LogoutFilter@171ceab, org.springframework.security.web.authentication.www.BasicAuthenticationFilter@6506b132, org.springframework.security.web.savedrequest.RequestCacheAwareFilter@d3dd99a, org.springframework.security.web.servletapi.SecurityContextHolderAwareRequestFilter@300a2ae, org.springframework.security.web.authentication.AnonymousAuthenticationFilter@1658cd08, org.springframework.security.web.session.SessionManagementFilter@1384f188, org.springframework.security.web.access.ExceptionTranslationFilter@489983f3, org.springframework.security.web.access.intercept.FilterSecurityInterceptor@5b0eaec2]
The time is now 2015-04-13T01:13:10.1310Z
2015-04-13 01:13:10.438  INFO 180 --- [    Test worker] o.s.boot.SpringApplication               : Started application in 3.91 seconds (JVM running for 5.142)
]]></system-out>
  <system-err><![CDATA[]]></system-err>
</testsuite>
